# JRE version: Java(TM) SE Runtime Environment (8.0_05-b13) (build 1.8.0_05-b13)
# Java VM: Java HotSpot(TM) 64-Bit Server VM (25.5-b02 mixed mode windows-amd64 compressed oops)
Heap:
 def new generation   total 1152K, used 583K [0x00000003c0000000, 0x00000003c0140000, 0x0000000515550000)
  eden space 1024K,  45% used [0x00000003c0000000, 0x00000003c0074920, 0x00000003c0100000)
  from space 128K,  91% used [0x00000003c0120000, 0x00000003c013d3b8, 0x00000003c0140000)
  to   space 128K,   0% used [0x00000003c0100000, 0x00000003c0100000, 0x00000003c0120000)
 tenured generation   total 523008K, used 30569K [0x0000000515550000, 0x0000000535410000, 0x00000007c0000000)
   the space 523008K,   5% used [0x0000000515550000, 0x000000051732a588, 0x000000051732a600, 0x0000000535410000)
 Metaspace       used 12436K, capacity 12728K, committed 12800K, reserved 1060864K
  class space    used 1415K, capacity 1488K, committed 1536K, reserved 1048576K
GC Heap History (10 events):
Event: 2.910 GC heap before
{Heap before GC invocations=363 (full 0):
 def new generation   total 1152K, used 1098K [0x00000003c0000000, 0x00000003c0140000, 0x0000000515550000)
  eden space 1024K, 100% used [0x00000003c0000000, 0x00000003c0100000, 0x00000003c0100000)
  from space 128K,  57% used [0x00000003c0120000, 0x00000003c0132820, 0x00000003c0140000)
  to   space 128K,   0% used [0x00000003c0100000, 0x00000003c0100000, 0x00000003c0120000)
 tenured generation   total 523008K, used 29802K [0x0000000515550000, 0x0000000535410000, 0x00000007c0000000)
   the space 523008K,   5% used [0x0000000515550000, 0x000000051726a9b8, 0x000000051726aa00, 0x0000000535410000)
 Metaspace       used 12425K, capacity 12728K, committed 12800K, reserved 1060864K
  class space    used 1415K, capacity 1488K, committed 1536K, reserved 1048576K
Event: 2.911 GC heap after
Heap after GC invocations=364 (full 0):
 def new generation   total 1152K, used 128K [0x00000003c0000000, 0x00000003c0140000, 0x0000000515550000)
  eden space 1024K,   0% used [0x00000003c0000000, 0x00000003c0000000, 0x00000003c0100000)
  from space 128K, 100% used [0x00000003c0100000, 0x00000003c0120000, 0x00000003c0120000)
  to   space 128K,   0% used [0x00000003c0120000, 0x00000003c0120000, 0x00000003c0140000)
 tenured generation   total 523008K, used 29853K [0x0000000515550000, 0x0000000535410000, 0x00000007c0000000)
   the space 523008K,   5% used [0x0000000515550000, 0x0000000517277438, 0x0000000517277600, 0x0000000535410000)
 Metaspace       used 12425K, capacity 12728K, committed 12800K, reserved 1060864K
  class space    used 1415K, capacity 1488K, committed 1536K, reserved 1048576K
}
Event: 2.914 GC heap before
{Heap before GC invocations=364 (full 0):
 def new generation   total 1152K, used 1145K [0x00000003c0000000, 0x00000003c0140000, 0x0000000515550000)
  eden space 1024K,  99% used [0x00000003c0000000, 0x00000003c00fe740, 0x00000003c0100000)
  from space 128K, 100% used [0x00000003c0100000, 0x00000003c0120000, 0x00000003c0120000)
  to   space 128K,   0% used [0x00000003c0120000, 0x00000003c0120000, 0x00000003c0140000)
 tenured generation   total 523008K, used 29853K [0x0000000515550000, 0x0000000535410000, 0x00000007c0000000)
   the space 523008K,   5% used [0x0000000515550000, 0x0000000517277438, 0x0000000517277600, 0x0000000535410000)
 Metaspace       used 12425K, capacity 12728K, committed 12800K, reserved 1060864K
  class space    used 1415K, capacity 1488K, committed 1536K, reserved 1048576K
Event: 2.914 GC heap after
Heap after GC invocations=365 (full 0):
 def new generation   total 1152K, used 72K [0x00000003c0000000, 0x00000003c0140000, 0x0000000515550000)
  eden space 1024K,   0% used [0x00000003c0000000, 0x00000003c0000000, 0x00000003c0100000)
  from space 128K,  56% used [0x00000003c0120000, 0x00000003c0132290, 0x00000003c0140000)
  to   space 128K,   0% used [0x00000003c0100000, 0x00000003c0100000, 0x00000003c0120000)
 tenured generation   total 523008K, used 29935K [0x0000000515550000, 0x0000000535410000, 0x00000007c0000000)
   the space 523008K,   5% used [0x0000000515550000, 0x000000051728bce0, 0x000000051728be00, 0x0000000535410000)
 Metaspace       used 12425K, capacity 12728K, committed 12800K, reserved 1060864K
  class space    used 1415K, capacity 1488K, committed 1536K, reserved 1048576K
}
Event: 2.918 GC heap before
{Heap before GC invocations=365 (full 0):
 def new generation   total 1152K, used 1096K [0x00000003c0000000, 0x00000003c0140000, 0x0000000515550000)
  eden space 1024K, 100% used [0x00000003c0000000, 0x00000003c0100000, 0x00000003c0100000)
  from space 128K,  56% used [0x00000003c0120000, 0x00000003c0132290, 0x00000003c0140000)
  to   space 128K,   0% used [0x00000003c0100000, 0x00000003c0100000, 0x00000003c0120000)
 tenured generation   total 523008K, used 29935K [0x0000000515550000, 0x0000000535410000, 0x00000007c0000000)
   the space 523008K,   5% used [0x0000000515550000, 0x000000051728bce0, 0x000000051728be00, 0x0000000535410000)
 Metaspace       used 12425K, capacity 12728K, committed 12800K, reserved 1060864K
  class space    used 1415K, capacity 1488K, committed 1536K, reserved 1048576K
Event: 2.919 GC heap after
Heap after GC invocations=366 (full 0):
 def new generation   total 1152K, used 116K [0x00000003c0000000, 0x00000003c0140000, 0x0000000515550000)
  eden space 1024K,   0% used [0x00000003c0000000, 0x00000003c0000000, 0x00000003c0100000)
  from space 128K,  90% used [0x00000003c0100000, 0x00000003c011d1a0, 0x00000003c0120000)
  to   space 128K,   0% used [0x00000003c0120000, 0x00000003c0120000, 0x00000003c0140000)
 tenured generation   total 523008K, used 29966K [0x0000000515550000, 0x0000000535410000, 0x00000007c0000000)
   the space 523008K,   5% used [0x0000000515550000, 0x0000000517293a78, 0x0000000517293c00, 0x0000000535410000)
 Metaspace       used 12425K, capacity 12728K, committed 12800K, reserved 1060864K
  class space    used 1415K, capacity 1488K, committed 1536K, reserved 1048576K
}
Event: 2.924 GC heap before
{Heap before GC invocations=366 (full 0):
 def new generation   total 1152K, used 1140K [0x00000003c0000000, 0x00000003c0140000, 0x0000000515550000)
  eden space 1024K, 100% used [0x00000003c0000000, 0x00000003c0100000, 0x00000003c0100000)
  from space 128K,  90% used [0x00000003c0100000, 0x00000003c011d1a0, 0x00000003c0120000)
  to   space 128K,   0% used [0x00000003c0120000, 0x00000003c0120000, 0x00000003c0140000)
 tenured generation   total 523008K, used 29966K [0x0000000515550000, 0x0000000535410000, 0x00000007c0000000)
   the space 523008K,   5% used [0x0000000515550000, 0x0000000517293a78, 0x0000000517293c00, 0x0000000535410000)
 Metaspace       used 12428K, capacity 12728K, committed 12800K, reserved 1060864K
  class space    used 1415K, capacity 1488K, committed 1536K, reserved 1048576K
Event: 2.925 GC heap after
Heap after GC invocations=367 (full 0):
 def new generation   total 1152K, used 126K [0x00000003c0000000, 0x00000003c0140000, 0x0000000515550000)
  eden space 1024K,   0% used [0x00000003c0000000, 0x00000003c0000000, 0x00000003c0100000)
  from space 128K,  98% used [0x00000003c0120000, 0x00000003c013f9b0, 0x00000003c0140000)
  to   space 128K,   0% used [0x00000003c0100000, 0x00000003c0100000, 0x00000003c0120000)
 tenured generation   total 523008K, used 30031K [0x0000000515550000, 0x0000000535410000, 0x00000007c0000000)
   the space 523008K,   5% used [0x0000000515550000, 0x00000005172a3eb0, 0x00000005172a4000, 0x0000000535410000)
 Metaspace       used 12428K, capacity 12728K, committed 12800K, reserved 1060864K
  class space    used 1415K, capacity 1488K, committed 1536K, reserved 1048576K
}
Event: 2.928 GC heap before
{Heap before GC invocations=367 (full 0):
 def new generation   total 1152K, used 1150K [0x00000003c0000000, 0x00000003c0140000, 0x0000000515550000)
  eden space 1024K, 100% used [0x00000003c0000000, 0x00000003c0100000, 0x00000003c0100000)
  from space 128K,  98% used [0x00000003c0120000, 0x00000003c013f9b0, 0x00000003c0140000)
  to   space 128K,   0% used [0x00000003c0100000, 0x00000003c0100000, 0x00000003c0120000)
 tenured generation   total 523008K, used 30031K [0x0000000515550000, 0x0000000535410000, 0x00000007c0000000)
   the space 523008K,   5% used [0x0000000515550000, 0x00000005172a3eb0, 0x00000005172a4000, 0x0000000535410000)
 Metaspace       used 12428K, capacity 12728K, committed 12800K, reserved 1060864K
  class space    used 1415K, capacity 1488K, committed 1536K, reserved 1048576K
Event: 2.929 GC heap after
Heap after GC invocations=368 (full 0):
 def new generation   total 1152K, used 67K [0x00000003c0000000, 0x00000003c0140000, 0x0000000515550000)
  eden space 1024K,   0% used [0x00000003c0000000, 0x00000003c0000000, 0x00000003c0100000)
  from space 128K,  52% used [0x00000003c0100000, 0x00000003c0110ce8, 0x00000003c0120000)
  to   space 128K,   0% used [0x00000003c0120000, 0x00000003c0120000, 0x00000003c0140000)
 tenured generation   total 523008K, used 30110K [0x0000000515550000, 0x0000000535410000, 0x00000007c0000000)
   the space 523008K,   5% used [0x0000000515550000, 0x00000005172b7b18, 0x00000005172b7c00, 0x0000000535410000)
 Metaspace       used 12428K, capacity 12728K, committed 12800K, reserved 1060864K
  class space    used 1415K, capacity 1488K, committed 1536K, reserved 1048576K
}

