# JRE version: Java(TM) SE Runtime Environment (8.0_05-b13) (build 1.8.0_05-b13)
# Java VM: Java HotSpot(TM) 64-Bit Server VM (25.5-b02 mixed mode windows-amd64 compressed oops)
Heap:
 def new generation   total 1152K, used 1073K [0x00000000a2400000, 0x00000000a2540000, 0x00000000c1800000)
  eden space 1024K,  92% used [0x00000000a2400000, 0x00000000a24ed408, 0x00000000a2500000)
  from space 128K,  97% used [0x00000000a2500000, 0x00000000a251f230, 0x00000000a2520000)
  to   space 128K,   0% used [0x00000000a2520000, 0x00000000a2520000, 0x00000000a2540000)
 tenured generation   total 523008K, used 18149K [0x00000000c1800000, 0x00000000e16c0000, 0x0000000100000000)
   the space 523008K,   3% used [0x00000000c1800000, 0x00000000c29b9488, 0x00000000c29b9600, 0x00000000e16c0000)
 Metaspace       used 12274K, capacity 12624K, committed 12800K, reserved 1060864K
  class space    used 1421K, capacity 1520K, committed 1536K, reserved 1048576K
GC Heap History (10 events):
Event: 1.654 GC heap before
{Heap before GC invocations=155 (full 0):
 def new generation   total 1152K, used 1136K [0x00000000a2400000, 0x00000000a2540000, 0x00000000c1800000)
  eden space 1024K, 100% used [0x00000000a2400000, 0x00000000a2500000, 0x00000000a2500000)
  from space 128K,  88% used [0x00000000a2520000, 0x00000000a253c2c8, 0x00000000a2540000)
  to   space 128K,   0% used [0x00000000a2500000, 0x00000000a2500000, 0x00000000a2520000)
 tenured generation   total 523008K, used 17822K [0x00000000c1800000, 0x00000000e16c0000, 0x0000000100000000)
   the space 523008K,   3% used [0x00000000c1800000, 0x00000000c2967968, 0x00000000c2967a00, 0x00000000e16c0000)
 Metaspace       used 11734K, capacity 12048K, committed 12288K, reserved 1060864K
  class space    used 1373K, capacity 1456K, committed 1536K, reserved 1048576K
Event: 1.655 GC heap after
Heap after GC invocations=156 (full 0):
 def new generation   total 1152K, used 126K [0x00000000a2400000, 0x00000000a2540000, 0x00000000c1800000)
  eden space 1024K,   0% used [0x00000000a2400000, 0x00000000a2400000, 0x00000000a2500000)
  from space 128K,  98% used [0x00000000a2500000, 0x00000000a251fae0, 0x00000000a2520000)
  to   space 128K,   0% used [0x00000000a2520000, 0x00000000a2520000, 0x00000000a2540000)
 tenured generation   total 523008K, used 17889K [0x00000000c1800000, 0x00000000e16c0000, 0x0000000100000000)
   the space 523008K,   3% used [0x00000000c1800000, 0x00000000c2978710, 0x00000000c2978800, 0x00000000e16c0000)
 Metaspace       used 11734K, capacity 12048K, committed 12288K, reserved 1060864K
  class space    used 1373K, capacity 1456K, committed 1536K, reserved 1048576K
}
Event: 1.659 GC heap before
{Heap before GC invocations=156 (full 0):
 def new generation   total 1152K, used 1150K [0x00000000a2400000, 0x00000000a2540000, 0x00000000c1800000)
  eden space 1024K, 100% used [0x00000000a2400000, 0x00000000a2500000, 0x00000000a2500000)
  from space 128K,  98% used [0x00000000a2500000, 0x00000000a251fae0, 0x00000000a2520000)
  to   space 128K,   0% used [0x00000000a2520000, 0x00000000a2520000, 0x00000000a2540000)
 tenured generation   total 523008K, used 17889K [0x00000000c1800000, 0x00000000e16c0000, 0x0000000100000000)
   the space 523008K,   3% used [0x00000000c1800000, 0x00000000c2978710, 0x00000000c2978800, 0x00000000e16c0000)
 Metaspace       used 11735K, capacity 12048K, committed 12288K, reserved 1060864K
  class space    used 1373K, capacity 1456K, committed 1536K, reserved 1048576K
Event: 1.660 GC heap after
Heap after GC invocations=157 (full 0):
 def new generation   total 1152K, used 65K [0x00000000a2400000, 0x00000000a2540000, 0x00000000c1800000)
  eden space 1024K,   0% used [0x00000000a2400000, 0x00000000a2400000, 0x00000000a2500000)
  from space 128K,  50% used [0x00000000a2520000, 0x00000000a2530518, 0x00000000a2540000)
  to   space 128K,   0% used [0x00000000a2500000, 0x00000000a2500000, 0x00000000a2520000)
 tenured generation   total 523008K, used 17972K [0x00000000c1800000, 0x00000000e16c0000, 0x0000000100000000)
   the space 523008K,   3% used [0x00000000c1800000, 0x00000000c298d350, 0x00000000c298d400, 0x00000000e16c0000)
 Metaspace       used 11735K, capacity 12048K, committed 12288K, reserved 1060864K
  class space    used 1373K, capacity 1456K, committed 1536K, reserved 1048576K
}
Event: 1.671 GC heap before
{Heap before GC invocations=157 (full 0):
 def new generation   total 1152K, used 1089K [0x00000000a2400000, 0x00000000a2540000, 0x00000000c1800000)
  eden space 1024K, 100% used [0x00000000a2400000, 0x00000000a2500000, 0x00000000a2500000)
  from space 128K,  50% used [0x00000000a2520000, 0x00000000a2530518, 0x00000000a2540000)
  to   space 128K,   0% used [0x00000000a2500000, 0x00000000a2500000, 0x00000000a2520000)
 tenured generation   total 523008K, used 17972K [0x00000000c1800000, 0x00000000e16c0000, 0x0000000100000000)
   the space 523008K,   3% used [0x00000000c1800000, 0x00000000c298d350, 0x00000000c298d400, 0x00000000e16c0000)
 Metaspace       used 11994K, capacity 12304K, committed 12544K, reserved 1060864K
  class space    used 1397K, capacity 1456K, committed 1536K, reserved 1048576K
Event: 1.672 GC heap after
Heap after GC invocations=158 (full 0):
 def new generation   total 1152K, used 128K [0x00000000a2400000, 0x00000000a2540000, 0x00000000c1800000)
  eden space 1024K,   0% used [0x00000000a2400000, 0x00000000a2400000, 0x00000000a2500000)
  from space 128K, 100% used [0x00000000a2500000, 0x00000000a2520000, 0x00000000a2520000)
  to   space 128K,   0% used [0x00000000a2520000, 0x00000000a2520000, 0x00000000a2540000)
 tenured generation   total 523008K, used 18046K [0x00000000c1800000, 0x00000000e16c0000, 0x0000000100000000)
   the space 523008K,   3% used [0x00000000c1800000, 0x00000000c299f9a0, 0x00000000c299fa00, 0x00000000e16c0000)
 Metaspace       used 11994K, capacity 12304K, committed 12544K, reserved 1060864K
  class space    used 1397K, capacity 1456K, committed 1536K, reserved 1048576K
}
Event: 1.747 GC heap before
{Heap before GC invocations=158 (full 0):
 def new generation   total 1152K, used 1152K [0x00000000a2400000, 0x00000000a2540000, 0x00000000c1800000)
  eden space 1024K, 100% used [0x00000000a2400000, 0x00000000a2500000, 0x00000000a2500000)
  from space 128K, 100% used [0x00000000a2500000, 0x00000000a2520000, 0x00000000a2520000)
  to   space 128K,   0% used [0x00000000a2520000, 0x00000000a2520000, 0x00000000a2540000)
 tenured generation   total 523008K, used 18046K [0x00000000c1800000, 0x00000000e16c0000, 0x0000000100000000)
   the space 523008K,   3% used [0x00000000c1800000, 0x00000000c299f9a0, 0x00000000c299fa00, 0x00000000e16c0000)
 Metaspace       used 12246K, capacity 12624K, committed 12800K, reserved 1060864K
  class space    used 1418K, capacity 1520K, committed 1536K, reserved 1048576K
Event: 1.748 GC heap after
Heap after GC invocations=159 (full 0):
 def new generation   total 1152K, used 118K [0x00000000a2400000, 0x00000000a2540000, 0x00000000c1800000)
  eden space 1024K,   0% used [0x00000000a2400000, 0x00000000a2400000, 0x00000000a2500000)
  from space 128K,  92% used [0x00000000a2520000, 0x00000000a253d838, 0x00000000a2540000)
  to   space 128K,   0% used [0x00000000a2500000, 0x00000000a2500000, 0x00000000a2520000)
 tenured generation   total 523008K, used 18122K [0x00000000c1800000, 0x00000000e16c0000, 0x0000000100000000)
   the space 523008K,   3% used [0x00000000c1800000, 0x00000000c29b2a28, 0x00000000c29b2c00, 0x00000000e16c0000)
 Metaspace       used 12246K, capacity 12624K, committed 12800K, reserved 1060864K
  class space    used 1418K, capacity 1520K, committed 1536K, reserved 1048576K
}
Event: 1.757 GC heap before
{Heap before GC invocations=159 (full 0):
 def new generation   total 1152K, used 1142K [0x00000000a2400000, 0x00000000a2540000, 0x00000000c1800000)
  eden space 1024K, 100% used [0x00000000a2400000, 0x00000000a2500000, 0x00000000a2500000)
  from space 128K,  92% used [0x00000000a2520000, 0x00000000a253d838, 0x00000000a2540000)
  to   space 128K,   0% used [0x00000000a2500000, 0x00000000a2500000, 0x00000000a2520000)
 tenured generation   total 523008K, used 18122K [0x00000000c1800000, 0x00000000e16c0000, 0x0000000100000000)
   the space 523008K,   3% used [0x00000000c1800000, 0x00000000c29b2a28, 0x00000000c29b2c00, 0x00000000e16c0000)
 Metaspace       used 12272K, capacity 12624K, committed 12800K, reserved 1060864K
  class space    used 1421K, capacity 1520K, committed 1536K, reserved 1048576K
Event: 1.758 GC heap after
Heap after GC invocations=160 (full 0):
 def new generation   total 1152K, used 124K [0x00000000a2400000, 0x00000000a2540000, 0x00000000c1800000)
  eden space 1024K,   0% used [0x00000000a2400000, 0x00000000a2400000, 0x00000000a2500000)
  from space 128K,  97% used [0x00000000a2500000, 0x00000000a251f230, 0x00000000a2520000)
  to   space 128K,   0% used [0x00000000a2520000, 0x00000000a2520000, 0x00000000a2540000)
 tenured generation   total 523008K, used 18149K [0x00000000c1800000, 0x00000000e16c0000, 0x0000000100000000)
   the space 523008K,   3% used [0x00000000c1800000, 0x00000000c29b9488, 0x00000000c29b9600, 0x00000000e16c0000)
 Metaspace       used 12272K, capacity 12624K, committed 12800K, reserved 1060864K
  class space    used 1421K, capacity 1520K, committed 1536K, reserved 1048576K
}

